d:\编程c++\projectmanagementsystem\projectm.d0ced995\x64\release\vc143.pdb
d:\编程c++\projectmanagementsystem\projectm.d0ced995\x64\release\projectmanagementsystem.obj
d:\编程c++\projectmanagementsystem\projectm.d0ced995\x64\release\qrc_projectmanagementsystem.obj
d:\编程c++\projectmanagementsystem\projectm.d0ced995\x64\release\moc_projectmanagementsystem.obj
d:\编程c++\projectmanagementsystem\projectm.d0ced995\x64\release\main.obj
d:\编程c++\projectmanagementsystem\projectm.d0ced995\x64\release\qt\moc\main.moc
d:\编程c++\projectmanagementsystem\projectm.d0ced995\x64\release\qt\uic\ui_projectmanagementsystem.h
d:\编程c++\projectmanagementsystem\projectm.d0ced995\x64\release\qt\rcc\qrc_projectmanagementsystem.cpp
d:\编程c++\projectmanagementsystem\projectm.d0ced995\x64\release\qt\moc\moc_projectmanagementsystem.cpp
d:\编程c++\projectmanagementsystem\x64\release\libmysql.dll
d:\编程c++\projectmanagementsystem\x64\release\zlib1.dll
d:\编程c++\projectmanagementsystem\x64\release\libssl-3-x64.dll
d:\编程c++\projectmanagementsystem\x64\release\libcrypto-3-x64.dll
d:\编程c++\projectmanagementsystem\x64\release\zstd.dll
d:\编程c++\projectmanagementsystem\projectm.d0ced995\x64\release\projectmanagementsystem.ipdb
d:\编程c++\projectmanagementsystem\projectm.d0ced995\x64\release\projectmanagementsystem.iobj
d:\编程c++\projectmanagementsystem\x64\release\projectmanagementsystem.exe
d:\编程c++\projectmanagementsystem\projectm.d0ced995\x64\release\projectm.d0ced995.tlog\cl.command.1.tlog
d:\编程c++\projectmanagementsystem\projectm.d0ced995\x64\release\projectm.d0ced995.tlog\cl.items.tlog
d:\编程c++\projectmanagementsystem\projectm.d0ced995\x64\release\projectm.d0ced995.tlog\cl.read.1.tlog
d:\编程c++\projectmanagementsystem\projectm.d0ced995\x64\release\projectm.d0ced995.tlog\cl.write.1.tlog
d:\编程c++\projectmanagementsystem\projectm.d0ced995\x64\release\projectm.d0ced995.tlog\link.command.1.tlog
d:\编程c++\projectmanagementsystem\projectm.d0ced995\x64\release\projectm.d0ced995.tlog\link.read.1.tlog
d:\编程c++\projectmanagementsystem\projectm.d0ced995\x64\release\projectm.d0ced995.tlog\link.secondary.1.tlog
d:\编程c++\projectmanagementsystem\projectm.d0ced995\x64\release\projectm.d0ced995.tlog\link.write.1.tlog
d:\编程c++\projectmanagementsystem\projectm.d0ced995\x64\release\projectm.d0ced995.tlog\moc.read.1u.tlog
d:\编程c++\projectmanagementsystem\projectm.d0ced995\x64\release\projectm.d0ced995.tlog\moc.write.1u.tlog
d:\编程c++\projectmanagementsystem\projectm.d0ced995\x64\release\projectm.d0ced995.tlog\projectmanagementsystem.write.1u.tlog
d:\编程c++\projectmanagementsystem\projectm.d0ced995\x64\release\projectm.d0ced995.tlog\rcc.read.1u.tlog
d:\编程c++\projectmanagementsystem\projectm.d0ced995\x64\release\projectm.d0ced995.tlog\rcc.write.1u.tlog
d:\编程c++\projectmanagementsystem\projectm.d0ced995\x64\release\projectm.d0ced995.tlog\uic.read.1u.tlog
d:\编程c++\projectmanagementsystem\projectm.d0ced995\x64\release\projectm.d0ced995.tlog\uic.write.1u.tlog
